[master 1eb7753] Auto-backup: 2026-02-01 22:13:34 CST
 4 files changed, 36 insertions(+), 20 deletions(-)
 delete mode 100644 agents/main/sessions/573753df-e0f6-49e2-a086-8d172c2e4099.jsonl.lock
To github.com:auroradanier/claw-alpha.git
   33c564e..1eb7753  master -> master
[2026-02-01 22:13:34 CST] Backup successful
fatal: Unable to create '/home/tauora/.openclaw/.git/index.lock': File exists.

Another git process seems to be running in this repository, e.g.
an editor opened by 'git commit'. Please make sure all processes
are terminated then try again. If it still fails, a git process
may have crashed in this repository earlier:
remove the file manually to continue.
[master a2c14c7] Auto-backup: 2026-02-01 23:00:01 CST
 6 files changed, 47 insertions(+), 16 deletions(-)
Everything up-to-date
[2026-02-01 23:00:01 CST] Backup successful
To github.com:auroradanier/claw-alpha.git
   14cf7ff..a2c14c7  master -> master
[2026-02-01 23:00:01 CST] Backup successful
fatal: Unable to create '/home/tauora/.openclaw/.git/index.lock': File exists.

Another git process seems to be running in this repository, e.g.
an editor opened by 'git commit'. Please make sure all processes
are terminated then try again. If it still fails, a git process
may have crashed in this repository earlier:
remove the file manually to continue.
[master 5b0e19f] Auto-backup: 2026-02-02 00:00:01 CST
 6 files changed, 44 insertions(+), 19 deletions(-)
Everything up-to-date
[2026-02-02 00:00:01 CST] Backup successful
To github.com:auroradanier/claw-alpha.git
   278e3a5..5b0e19f  master -> master
[2026-02-02 00:00:01 CST] Backup successful
fatal: Unable to create '/home/tauora/.openclaw/.git/index.lock': File exists.

Another git process seems to be running in this repository, e.g.
an editor opened by 'git commit'. Please make sure all processes
are terminated then try again. If it still fails, a git process
may have crashed in this repository earlier:
remove the file manually to continue.
[master ef77b7c] Auto-backup: 2026-02-02 01:00:01 CST
 7 files changed, 33 insertions(+), 17 deletions(-)
Everything up-to-date
[2026-02-02 01:00:01 CST] Backup successful
To github.com:auroradanier/claw-alpha.git
   723841d..ef77b7c  master -> master
[2026-02-02 01:00:01 CST] Backup successful
fatal: Unable to create '/home/tauora/.openclaw/.git/index.lock': File exists.

Another git process seems to be running in this repository, e.g.
an editor opened by 'git commit'. Please make sure all processes
are terminated then try again. If it still fails, a git process
may have crashed in this repository earlier:
remove the file manually to continue.
[master 9173391] Auto-backup: 2026-02-02 02:00:15 CST
 7 files changed, 72 insertions(+), 76 deletions(-)
 delete mode 100644 agents/main/sessions/573753df-e0f6-49e2-a086-8d172c2e4099.jsonl.lock
Everything up-to-date
[2026-02-02 02:00:15 CST] Backup successful
To github.com:auroradanier/claw-alpha.git
   981d07f..9173391  master -> master
[2026-02-02 02:00:15 CST] Backup successful
fatal: Unable to create '/home/tauora/.openclaw/.git/index.lock': File exists.

Another git process seems to be running in this repository, e.g.
an editor opened by 'git commit'. Please make sure all processes
are terminated then try again. If it still fails, a git process
may have crashed in this repository earlier:
remove the file manually to continue.
[master e68f59d] Auto-backup: 2026-02-02 03:00:01 CST
 1 file changed, 15 insertions(+)
Everything up-to-date
[2026-02-02 03:00:01 CST] Backup successful
To github.com:auroradanier/claw-alpha.git
   9173391..e68f59d  master -> master
[2026-02-02 03:00:01 CST] Backup successful
On branch master
Your branch is ahead of 'origin/master' by 1 commit.
  (use "git push" to publish your local commits)

nothing to commit, working tree clean
[master 1674942] Auto-backup: 2026-02-02 04:00:01 CST
 1 file changed, 19 insertions(+)
To github.com:auroradanier/claw-alpha.git
   e68f59d..1674942  master -> master
[2026-02-02 04:00:01 CST] Backup successful
To github.com:auroradanier/claw-alpha.git
 ! [remote rejected] master -> master (cannot lock ref 'refs/heads/master': is at 16749423db5f6e64380ff0e5b73233feb61f41b5 but expected e68f59db66a79b75dc2cb40bc0ecf1729038fef7)
error: failed to push some refs to 'github.com:auroradanier/claw-alpha.git'
[2026-02-02 04:00:01 CST] Backup failed
fatal: Unable to create '/home/tauora/.openclaw/.git/index.lock': File exists.

Another git process seems to be running in this repository, e.g.
an editor opened by 'git commit'. Please make sure all processes
are terminated then try again. If it still fails, a git process
may have crashed in this repository earlier:
remove the file manually to continue.
[master 41fcb28] Auto-backup: 2026-02-02 05:00:01 CST
 1 file changed, 21 insertions(+)
Everything up-to-date
[2026-02-02 05:00:01 CST] Backup successful
To github.com:auroradanier/claw-alpha.git
   1674942..41fcb28  master -> master
[2026-02-02 05:00:01 CST] Backup successful
fatal: Unable to create '/home/tauora/.openclaw/.git/index.lock': File exists.

Another git process seems to be running in this repository, e.g.
an editor opened by 'git commit'. Please make sure all processes
are terminated then try again. If it still fails, a git process
may have crashed in this repository earlier:
remove the file manually to continue.
[master 51a82e5] Auto-backup: 2026-02-02 05:00:15 CST
 1 file changed, 14 insertions(+)
To github.com:auroradanier/claw-alpha.git
   41fcb28..51a82e5  master -> master
[2026-02-02 05:00:15 CST] Backup successful
To github.com:auroradanier/claw-alpha.git
 ! [rejected]        master -> master (non-fast-forward)
error: failed to push some refs to 'github.com:auroradanier/claw-alpha.git'
hint: Updates were rejected because the tip of your current branch is behind
hint: its remote counterpart. If you want to integrate the remote changes,
hint: use 'git pull' before pushing again.
hint: See the 'Note about fast-forwards' in 'git push --help' for details.
[2026-02-02 05:00:15 CST] Backup failed
fatal: cannot lock ref 'HEAD': is at a78beb928991db8de21ccb55706ec87422bc3f7b but expected 51a82e588915605ba132bd721cf14519d65cb174
[master a78beb9] Auto-backup: 2026-02-02 06:00:01 CST
 1 file changed, 21 insertions(+)
To github.com:auroradanier/claw-alpha.git
   51a82e5..a78beb9  master -> master
[2026-02-02 06:00:01 CST] Backup successful
Everything up-to-date
[2026-02-02 06:00:01 CST] Backup successful
On branch master
Your branch is up to date with 'origin/master'.

Changes not staged for commit:
  (use "git add <file>..." to update what will be committed)
  (use "git restore <file>..." to discard changes in working directory)
	modified:   .backup.log

no changes added to commit (use "git add" and/or "git commit -a")
[master 0e97d53] Auto-backup: 2026-02-02 07:00:01 CST
 1 file changed, 8 insertions(+)
To github.com:auroradanier/claw-alpha.git
   a78beb9..0e97d53  master -> master
[2026-02-02 07:00:01 CST] Backup successful
To github.com:auroradanier/claw-alpha.git
 ! [rejected]        master -> master (non-fast-forward)
error: failed to push some refs to 'github.com:auroradanier/claw-alpha.git'
hint: Updates were rejected because the tip of your current branch is behind
hint: its remote counterpart. If you want to integrate the remote changes,
hint: use 'git pull' before pushing again.
hint: See the 'Note about fast-forwards' in 'git push --help' for details.
[2026-02-02 07:00:01 CST] Backup failed
fatal: cannot lock ref 'HEAD': is at 5abbcba309ae459cd3aabdfb18288f00b13714b3 but expected 0e97d5329edac954be985d07f66b9cffb4835066
[master 5abbcba] Auto-backup: 2026-02-02 08:00:01 CST
 1 file changed, 23 insertions(+)
Connection closed by 198.18.0.17 port 22
Connection closed by 198.18.0.17 port 22
fatal: Could not read from remote repository.

Please make sure you have the correct access rights
and the repository exists.
fatal: Could not read from remote repository.

Please make sure you have the correct access rights
and the repository exists.
[2026-02-02 08:00:01 CST] Backup failed
[2026-02-02 08:00:01 CST] Backup failed
fatal: Unable to create '/home/tauora/.openclaw/.git/index.lock': File exists.

Another git process seems to be running in this repository, e.g.
an editor opened by 'git commit'. Please make sure all processes
are terminated then try again. If it still fails, a git process
may have crashed in this repository earlier:
remove the file manually to continue.
[master 50ff900] Auto-backup: 2026-02-02 09:00:01 CST
 1 file changed, 22 insertions(+)
Connection closed by 198.18.0.17 port 22
Connection closed by 198.18.0.17 port 22
fatal: Could not read from remote repository.

Please make sure you have the correct access rights
and the repository exists.
fatal: Could not read from remote repository.

Please make sure you have the correct access rights
and the repository exists.
[2026-02-02 09:00:01 CST] Backup failed
[2026-02-02 09:00:01 CST] Backup failed
fatal: Unable to create '/home/tauora/.openclaw/.git/index.lock': File exists.

Another git process seems to be running in this repository, e.g.
an editor opened by 'git commit'. Please make sure all processes
are terminated then try again. If it still fails, a git process
may have crashed in this repository earlier:
remove the file manually to continue.
[master 71d75f2] Auto-backup: 2026-02-02 10:00:01 CST
 3 files changed, 96 insertions(+), 17 deletions(-)
 create mode 100644 agents/main/sessions/85ced596-9bf8-4eea-931f-3c425d1db84b.jsonl
Connection closed by 198.18.0.17 port 22
Connection closed by 198.18.0.17 port 22
fatal: Could not read from remote repository.

Please make sure you have the correct access rights
and the repository exists.
fatal: Could not read from remote repository.

Please make sure you have the correct access rights
and the repository exists.
[2026-02-02 10:00:01 CST] Backup failed
[2026-02-02 10:00:01 CST] Backup failed
fatal: Unable to create '/home/tauora/.openclaw/.git/index.lock': File exists.

Another git process seems to be running in this repository, e.g.
an editor opened by 'git commit'. Please make sure all processes
are terminated then try again. If it still fails, a git process
may have crashed in this repository earlier:
remove the file manually to continue.
[master bde9491] Auto-backup: 2026-02-02 11:00:01 CST
 13 files changed, 136 insertions(+), 24 deletions(-)
 create mode 100644 agents/main/sessions/85ced596-9bf8-4eea-931f-3c425d1db84b.jsonl.lock
To github.com:auroradanier/claw-alpha.git
   0e97d53..71d75f2  master -> master
[2026-02-02 11:00:01 CST] Backup successful
To github.com:auroradanier/claw-alpha.git
 ! [remote rejected] master -> master (cannot lock ref 'refs/heads/master': is at 71d75f2ff8ec9d7cf92ffc23342d0ce79a1f97ab but expected 0e97d5329edac954be985d07f66b9cffb4835066)
error: failed to push some refs to 'github.com:auroradanier/claw-alpha.git'
[2026-02-02 11:00:01 CST] Backup failed
